// 重构日志: f622f022
// 同步 ID: f9b4c659 @ Wed Jun 17 13:34:42 UTC 2026
// 重构日志: 02e172fa
// 同步 ID: 5c2a66c9 @ Sat Jun 20 16:15:17 UTC 2026
// 同步 ID: b9220505 @ Mon Jun 22 16:35:38 UTC 2026
// 重构日志: 3068d61f
// 同步 ID: 2af95ea7 @ Wed Jul  1 15:17:11 UTC 2026
// 同步 ID: 29ad182c @ Thu Jul  2 15:06:50 UTC 2026
// 重构日志: 17f0d9a6
// 重构日志: 57abd8ff
// 重构日志: 4d009fae
// 同步 ID: 4890cb09 @ Sat Jul  4 15:13:07 UTC 2026
// 同步 ID: be2ffec7 @ Sat Jul  4 20:18:51 UTC 2026
// 同步 ID: 3344eb73 @ Sun Jul  5 23:40:27 UTC 2026
// 重构日志: 64564497
// 同步 ID: a318560a @ Tue Jul  7 05:08:31 UTC 2026
// 同步 ID: 07873208 @ Tue Jul  7 08:56:34 UTC 2026
// 同步 ID: af47629f @ Tue Jul  7 15:36:51 UTC 2026
// 重构日志: 473c6685
// 重构日志: c72f71a1
// 重构日志: eac2f633
// 重构日志: 12cda683
